mktextfm pplr8t
mktextfm pplro8t
mktextfm pplrc8t
mktextfm pplrc8t
mktextfm pplrc8t
mktextfm pplr8t
mktextfm pplb8t
mktextfm nullfont
mktextfm pplr8t
mktextfm phvr8t
mktextfm phvb8t
mktextfm nullfont
mktextfm phvb8t
mktextfm nullfont
mktextfm phvb8t
mktextfm nullfont
mktextfm pplb8t
mktextfm nullfont
mktextfm pplr8t
mktextfm pplri8t
mktextfm pplr8t
mktextfm ptmr8t
mktextfm pplb8t
mktextfm nullfont
mktextfm pplr8t
mktextfm pplr8t
mktextfm pplro8t
mktextfm pplrc8t
mktextfm pplrc8t
mktextfm pplrc8t
mktextfm pplr8t
mktextfm pplb8t
mktextfm nullfont
mktextfm pplr8t
mktextfm phvr8t
mktextfm phvb8t
mktextfm nullfont
mktextfm phvb8t
mktextfm nullfont
mktextfm phvb8t
mktextfm nullfont
mktextfm pplb8t
mktextfm nullfont
mktextfm pplr8t
mktextfm pplri8t
mktextfm pplr8t
mktextfm ptmr8t
mktextfm pplb8t
mktextfm nullfont
mktextfm pplr8t
mktextfm pplr8t
mktextfm pplro8t
mktextfm pplrc8t
mktextfm pplrc8t
mktextfm pplrc8t
mktextfm pplr8t
mktextfm pplb8t
mktextfm nullfont
mktextfm pplr8t
mktextfm phvr8t
mktextfm phvb8t
mktextfm nullfont
mktextfm phvb8t
mktextfm nullfont
mktextfm phvb8t
mktextfm nullfont
mktextfm pplb8t
mktextfm nullfont
mktextfm pplr8t
mktextfm pplri8t
mktextfm pplr8t
mktextfm ptmr8t
mktextfm pplb8t
mktextfm nullfont
mktextfm pplr8t
mktextfm pplr8t
mktextfm pplro8t
mktextfm pplrc8t
mktextfm pplrc8t
mktextfm pplrc8t
mktextfm pplr8t
mktextfm pplb8t
mktextfm nullfont
mktextfm pplr8t
mktextfm phvr8t
mktextfm phvb8t
mktextfm nullfont
mktextfm phvb8t
mktextfm nullfont
mktextfm phvb8t
mktextfm nullfont
mktextfm pplb8t
mktextfm nullfont
mktextfm pplr8t
mktextfm pplri8t
mktextfm pplr8t
mktextfm ptmr8t
mktextfm pplb8t
mktextfm nullfont
mktextfm pplr8t
mktextfm pplr8t
mktextfm pplro8t
mktextfm pplrc8t
mktextfm pplrc8t
mktextfm pplrc8t
mktextfm pplr8t
mktextfm pplb8t
mktextfm nullfont
mktextfm pplr8t
mktextfm phvr8t
mktextfm phvb8t
mktextfm nullfont
mktextfm phvb8t
mktextfm nullfont
mktextfm phvb8t
mktextfm nullfont
mktextfm pplb8t
mktextfm nullfont
mktextfm pplr8t
mktextfm pplri8t
mktextfm pplr8t
mktextfm ptmr8t
mktextfm pplb8t
mktextfm nullfont
mktextfm pplr8t
mktextfm pplr8t
mktextfm pplrc8t
mktextfm pplrc8t
mktextfm pplrc8t
mktextfm pplr8t
mktextfm pplb8t
mktextfm nullfont
mktextfm pplr8t
mktextfm phvr8t
mktextfm phvb8t
mktextfm nullfont
mktextfm phvb8t
mktextfm nullfont
mktextfm pplro8t
mktextfm phvb8t
mktextfm nullfont
mktextfm pplb8t
mktextfm nullfont
mktextfm pplr8t
mktextfm pplri8t
mktextfm pplr8t
mktextfm ptmr8t
mktextfm pplb8t
mktextfm nullfont
mktextfm pplr8t
