\BOOKMARK [1][]{section.2}{1 Zielbestimmungen}{}
\BOOKMARK [2][]{subsection.3}{1.1 Musskriterien}{section.2}
\BOOKMARK [2][]{subsection.4}{1.2 Wunschkriterien}{section.2}
\BOOKMARK [2][]{subsection.5}{1.3 Abgrenzungskriterien}{section.2}
\BOOKMARK [1][]{section.6}{2 Produkteinsatz}{}
\BOOKMARK [2][]{subsection.7}{2.1 Anwendungsbereiche}{section.6}
\BOOKMARK [2][]{subsection.8}{2.2 Zielgruppe}{section.6}
\BOOKMARK [2][]{subsection.9}{2.3 Betriebsbedingungen}{section.6}
\BOOKMARK [1][]{section.10}{3 Produktumgebung}{}
\BOOKMARK [2][]{subsection.11}{3.1 Software}{section.10}
\BOOKMARK [2][]{subsection.12}{3.2 Hardware}{section.10}
\BOOKMARK [1][]{section.13}{4 Funktionale Anforderungen}{}
\BOOKMARK [2][]{subsection.14}{4.1 Programmausf\374hrung}{section.13}
\BOOKMARK [2][]{subsection.15}{4.2 Projektmanagement}{section.13}
\BOOKMARK [2][]{subsection.20}{4.3 Bildmengenmanagement}{section.13}
\BOOKMARK [2][]{subsection.29}{4.4 Diagrammmanagement}{section.13}
\BOOKMARK [2][]{subsection.35}{4.5 Auswertungsmanagement}{section.13}
\BOOKMARK [2][]{subsection.43}{4.6 Exif-Auswertung}{section.13}
\BOOKMARK [1][]{section.44}{5 Produktdaten}{}
\BOOKMARK [2][]{subsection.45}{5.1 Programmdaten}{section.44}
\BOOKMARK [2][]{subsection.46}{5.2 Daten der einzelnen Diagrammtypen}{section.44}
\BOOKMARK [1][]{section.47}{6 Nichtfunktionale Anforderungen}{}
\BOOKMARK [1][]{section.48}{7 Globale Testf\344lle}{}
\BOOKMARK [2][]{subsection.49}{7.1 Testf\344lle f\374r funktionale Anforderungen}{section.48}
\BOOKMARK [3][]{subsubsection.50}{7.1.1 Programmausf\374hrung}{subsection.49}
\BOOKMARK [3][]{subsubsection.51}{7.1.2 Projektmanagement}{subsection.49}
\BOOKMARK [3][]{subsubsection.52}{7.1.3 Bildmengenmanagement}{subsection.49}
\BOOKMARK [3][]{subsubsection.53}{7.1.4 Diagrammmanagement}{subsection.49}
\BOOKMARK [3][]{subsubsection.54}{7.1.5 Auswertungsmanagement}{subsection.49}
\BOOKMARK [3][]{subsubsection.55}{7.1.6 Exif-Auswertung}{subsection.49}
\BOOKMARK [2][]{subsection.56}{7.2 Testf\344lle f\374r nicht funktionale Anforderungen}{section.48}
\BOOKMARK [3][]{subsubsection.57}{7.2.1 Testf\344lle f\374r Produktumgebung}{subsection.56}
\BOOKMARK [1][]{section.58}{8 Systemmodelle}{}
\BOOKMARK [2][]{subsection.59}{8.1 Szenarien}{section.58}
\BOOKMARK [2][]{subsection.60}{8.2 Anwendungsf\344lle}{section.58}
\BOOKMARK [2][]{subsection.61}{8.3 Benutzerschnittstelle}{section.58}
\BOOKMARK [1][]{subsection.61}{9 \040Glossar}{}
